/*C1*/SET SCHEMA SYSTEM_LOBS
INSERT INTO BLOCKS VALUES(0,2147483647,0)
COMMIT
/*C2*/SET SCHEMA PUBLIC
CREATE TABLE PRODUTO (id INTEGER GENERATED BY  DEFAULT AS IDENTITY PRIMARY KEY, NOME VARCHAR(255), DESCRICAO VARCHAR(255))
INSERT INTO PRODUTO VALUES(1,'Geladeira','Geladeira duas portas')
COMMIT
INSERT INTO PRODUTO VALUES(2,'Ferro de passar','Ferro de passar roupa com vaporizador')
COMMIT
/*C3*/SET SCHEMA PUBLIC
DISCONNECT
/*C4*/SET SCHEMA PUBLIC
DISCONNECT
/*C5*/SET SCHEMA PUBLIC
DISCONNECT
/*C6*/SET SCHEMA PUBLIC
INSERT INTO PRODUTO VALUES(3,'notebook 1','note core i5')
COMMIT
DISCONNECT
/*C7*/SET SCHEMA PUBLIC
INSERT INTO PRODUTO VALUES(4,'notebook 1','note core i5')
COMMIT
DISCONNECT
/*C8*/SET SCHEMA PUBLIC
INSERT INTO PRODUTO VALUES(5,'notebook 1','note core i5')
COMMIT
DISCONNECT
/*C9*/SET SCHEMA PUBLIC
INSERT INTO PRODUTO VALUES(6,'notebook 1','note core i5')
COMMIT
DISCONNECT
/*C10*/SET SCHEMA PUBLIC
INSERT INTO PRODUTO VALUES(7,'notebook 1','note core i5')
COMMIT
DISCONNECT
/*C11*/SET SCHEMA PUBLIC
INSERT INTO PRODUTO VALUES(8,'notebook 1','note core i5')
COMMIT
DISCONNECT
/*C12*/SET SCHEMA PUBLIC
INSERT INTO PRODUTO VALUES(9,'notebook 1','note core i5')
COMMIT
DISCONNECT
/*C13*/SET SCHEMA PUBLIC
DELETE FROM PRODUTO WHERE ID=5
DELETE FROM PRODUTO WHERE ID=6
DELETE FROM PRODUTO WHERE ID=7
DELETE FROM PRODUTO WHERE ID=8
DELETE FROM PRODUTO WHERE ID=9
COMMIT
DISCONNECT
/*C14*/SET SCHEMA PUBLIC
DISCONNECT
/*C15*/SET SCHEMA PUBLIC
DISCONNECT
/*C16*/SET SCHEMA PUBLIC
DISCONNECT
/*C17*/SET SCHEMA PUBLIC
DELETE FROM PRODUTO WHERE ID=4
COMMIT
DISCONNECT
/*C18*/SET SCHEMA PUBLIC
DISCONNECT
/*C19*/SET SCHEMA PUBLIC
INSERT INTO PRODUTO VALUES(10,'MacBook','Macbook Pro')
COMMIT
DISCONNECT
/*C20*/SET SCHEMA PUBLIC
INSERT INTO PRODUTO VALUES(11,'MacBook','Macbook Pro')
COMMIT
DISCONNECT
/*C21*/SET SCHEMA PUBLIC
INSERT INTO PRODUTO VALUES(12,'TV LCD 32','32 polegadas')
COMMIT
INSERT INTO PRODUTO VALUES(13,'Blueray','Full HDMI')
COMMIT
DISCONNECT
/*C22*/SET SCHEMA PUBLIC
INSERT INTO PRODUTO VALUES(14,'TV LCD 32','32 polegadas')
COMMIT
DISCONNECT
/*C23*/SET SCHEMA PUBLIC
INSERT INTO PRODUTO VALUES(15,'TV LCD 32','32 polegadas')
COMMIT
DISCONNECT
/*C24*/SET SCHEMA PUBLIC
INSERT INTO PRODUTO VALUES(16,'TV LCD 32','32 polegadas')
COMMIT
DISCONNECT
/*C25*/SET SCHEMA PUBLIC
INSERT INTO PRODUTO VALUES(17,'TV LCD 32','32 polegadas')
COMMIT
DISCONNECT
/*C26*/SET SCHEMA PUBLIC
INSERT INTO PRODUTO VALUES(18,'TV LCD 32','32 polegadas')
COMMIT
DISCONNECT
/*C2*/DELETE FROM PRODUTO WHERE ID=10
DELETE FROM PRODUTO WHERE ID=11
DELETE FROM PRODUTO WHERE ID=12
DELETE FROM PRODUTO WHERE ID=13
DELETE FROM PRODUTO WHERE ID=14
DELETE FROM PRODUTO WHERE ID=15
DELETE FROM PRODUTO WHERE ID=16
DELETE FROM PRODUTO WHERE ID=17
DELETE FROM PRODUTO WHERE ID=18
COMMIT
/*C27*/SET SCHEMA PUBLIC
DISCONNECT
/*C28*/SET SCHEMA PUBLIC
INSERT INTO PRODUTO VALUES(20,'Mesa','Mesa de jantar com 4 p\u00e9s')
COMMIT
SET SCHEMA PUBLIC
DISCONNECT
/*C2*/DELETE FROM PRODUTO WHERE ID=20
COMMIT
/*C29*/SET SCHEMA PUBLIC
DISCONNECT
/*C30*/SET SCHEMA PUBLIC
DISCONNECT
/*C31*/SET SCHEMA PUBLIC
DISCONNECT
/*C32*/SET SCHEMA PUBLIC
DISCONNECT
/*C33*/SET SCHEMA PUBLIC
INSERT INTO PRODUTO VALUES(21,'Mesa','Mesa de jantar com 4 p\u00e9s')
COMMIT
SET SCHEMA PUBLIC
DISCONNECT
/*C34*/SET SCHEMA PUBLIC
INSERT INTO PRODUTO VALUES(22,'Mesawedwdwe','Mesa de jantar dfjbsfbsdksd')
COMMIT
SET SCHEMA PUBLIC
DISCONNECT
/*C2*/DELETE FROM PRODUTO WHERE ID=21
DELETE FROM PRODUTO WHERE ID=22
COMMIT
/*C35*/SET SCHEMA PUBLIC
INSERT INTO PRODUTO VALUES(23,'Mesawedwdwe','Mesa de jantar dfjbsfbsdksd')
COMMIT
SET SCHEMA PUBLIC
DISCONNECT
/*C36*/SET SCHEMA PUBLIC
INSERT INTO PRODUTO VALUES(24,'Mesawedwdwe','Mesa de jantar dfjbsfbsdksd')
COMMIT
SET SCHEMA PUBLIC
DISCONNECT
/*C37*/SET SCHEMA PUBLIC
INSERT INTO PRODUTO VALUES(25,'Mesawedwdwe','Mesa de jantar dfjbsfbsdksd')
COMMIT
SET SCHEMA PUBLIC
DISCONNECT
/*C38*/SET SCHEMA PUBLIC
INSERT INTO PRODUTO VALUES(26,'Mesawedwdwe','Mesa de jantar dfjbsfbsdksd')
COMMIT
SET SCHEMA PUBLIC
DISCONNECT
/*C39*/SET SCHEMA PUBLIC
INSERT INTO PRODUTO VALUES(27,'Mesawedwdwe','Mesa de jantar dfjbsfbsdksd')
COMMIT
SET SCHEMA PUBLIC
DISCONNECT
/*C40*/SET SCHEMA PUBLIC
INSERT INTO PRODUTO VALUES(28,'Mesawedwdwe','Mesa de jantar dfjbsfbsdksd')
COMMIT
SET SCHEMA PUBLIC
DISCONNECT
/*C2*/DELETE FROM PRODUTO WHERE ID=23
DELETE FROM PRODUTO WHERE ID=24
DELETE FROM PRODUTO WHERE ID=25
DELETE FROM PRODUTO WHERE ID=26
DELETE FROM PRODUTO WHERE ID=27
DELETE FROM PRODUTO WHERE ID=28
COMMIT
/*C41*/SET SCHEMA PUBLIC
INSERT INTO PRODUTO VALUES(29,'Mesawedwdwe','Mesa de jantar dfjbsfbsdksd')
COMMIT
SET SCHEMA PUBLIC
DISCONNECT
/*C42*/SET SCHEMA PUBLIC
INSERT INTO PRODUTO VALUES(30,'Mesawedwdwe','Mesa de jantar dfjbsfbsdksd')
COMMIT
SET SCHEMA PUBLIC
DISCONNECT
/*C43*/SET SCHEMA PUBLIC
INSERT INTO PRODUTO VALUES(31,'Mesawedwdwe','Mesa de jantar dfjbsfbsdksd')
COMMIT
SET SCHEMA PUBLIC
DISCONNECT
/*C2*/create table categoria (id integer generated by default as identity primary key, nome varchar(255))
INSERT INTO CATEGORIA VALUES(0,'Eletrodom\u00e9stico')
COMMIT
INSERT INTO CATEGORIA VALUES(1,'Eletr\u00f4nico')
COMMIT
INSERT INTO CATEGORIA VALUES(2,'M\u00f3vel')
COMMIT
alter table produto add column categoria_id integer
DELETE FROM PRODUTO WHERE ID=1
DELETE FROM PRODUTO WHERE ID=2
INSERT INTO PRODUTO VALUES(1,'Geladeira','Geladeira duas portas',0)
INSERT INTO PRODUTO VALUES(2,'Ferro de passar','Ferro de passar roupa com vaporizador',0)
COMMIT
DELETE FROM PRODUTO WHERE ID=3
INSERT INTO PRODUTO VALUES(3,'notebook 1','note core i5',1)
COMMIT
DELETE FROM PRODUTO WHERE ID=29
DELETE FROM PRODUTO WHERE ID=30
DELETE FROM PRODUTO WHERE ID=31
INSERT INTO PRODUTO VALUES(29,'Mesawedwdwe','Mesa de jantar dfjbsfbsdksd',2)
INSERT INTO PRODUTO VALUES(30,'Mesawedwdwe','Mesa de jantar dfjbsfbsdksd',2)
INSERT INTO PRODUTO VALUES(31,'Mesawedwdwe','Mesa de jantar dfjbsfbsdksd',2)
COMMIT
/*C44*/SET SCHEMA PUBLIC
DISCONNECT
/*C45*/SET SCHEMA PUBLIC
DISCONNECT
/*C46*/SET SCHEMA PUBLIC
DISCONNECT
/*C47*/SET SCHEMA PUBLIC
DISCONNECT
/*C48*/SET SCHEMA PUBLIC
DISCONNECT
/*C49*/SET SCHEMA PUBLIC
DISCONNECT
/*C50*/SET SCHEMA PUBLIC
DISCONNECT
/*C51*/SET SCHEMA PUBLIC
DISCONNECT
/*C52*/SET SCHEMA PUBLIC
DISCONNECT
/*C2*/DELETE FROM PRODUTO WHERE ID=31
INSERT INTO PRODUTO VALUES(31,'Mesawedwdwe','Mesa de jantar dfjbsfbsdksd',0)
COMMIT
/*C53*/SET SCHEMA PUBLIC
DISCONNECT
/*C2*/DISCONNECT
